<?xml version="1.0" encoding="UTF-8"?>
<robot generator="Robot 6.0.2 (Python 3.10.5 on win32)" generated="20230111 15:35:30.773" rpa="false" schemaversion="3">
<suite id="s1" name="Test Authentification" source="C:\Users\user8\Documents\dev\squash\test-squash-autom\test_authentification.robot">
<test id="s1-t1" name="Valid Login" line="14">
<kw name="Open Browser To Home Page">
<kw name="Open Browser" library="SeleniumLibrary">
<arg>${URL}</arg>
<arg>${BROWSER}</arg>
<doc>Opens a new browser instance to the optional ``url``.</doc>
<msg timestamp="20230111 15:35:31.064" level="INFO">Opening browser 'Firefox' to base url 'https://www.amazon.fr'.</msg>
<msg timestamp="20230111 15:35:31.066" level="INFO">Firefox driver log is always forced to to: C:\Users\user8\Documents\dev\squash\test-squash-autom\geckodriver-5.log</msg>
<status status="PASS" starttime="20230111 15:35:31.063" endtime="20230111 15:35:39.817"/>
</kw>
<status status="PASS" starttime="20230111 15:35:31.061" endtime="20230111 15:35:39.818"/>
</kw>
<kw name="Click To Login Page">
<kw name="Wait Until Element Is Visible" library="SeleniumLibrary">
<arg>nav-link-accountList-nav-line-1</arg>
<doc>Waits until the element ``locator`` is visible.</doc>
<status status="PASS" starttime="20230111 15:35:39.845" endtime="20230111 15:35:40.020"/>
</kw>
<kw name="Click Element" library="SeleniumLibrary">
<arg>nav-link-accountList-nav-line-1</arg>
<doc>Click the element identified by ``locator``.</doc>
<msg timestamp="20230111 15:35:40.021" level="INFO">Clicking element 'nav-link-accountList-nav-line-1'.</msg>
<status status="PASS" starttime="20230111 15:35:40.020" endtime="20230111 15:35:41.402"/>
</kw>
<status status="PASS" starttime="20230111 15:35:39.844" endtime="20230111 15:35:41.402"/>
</kw>
<kw name="Send Login">
<kw name="Input Text" library="SeleniumLibrary">
<arg>email</arg>
<arg>${login}</arg>
<doc>Types the given ``text`` into the text field identified by ``locator``.</doc>
<msg timestamp="20230111 15:35:41.413" level="INFO">Typing text 'annemarziale@hotmail.com' into text field 'email'.</msg>
<status status="PASS" starttime="20230111 15:35:41.411" endtime="20230111 15:35:41.847"/>
</kw>
<status status="PASS" starttime="20230111 15:35:41.411" endtime="20230111 15:35:41.847"/>
</kw>
<kw name="Click To Continue">
<kw name="Click Element" library="SeleniumLibrary">
<arg>continue</arg>
<doc>Click the element identified by ``locator``.</doc>
<msg timestamp="20230111 15:35:41.850" level="INFO">Clicking element 'continue'.</msg>
<status status="PASS" starttime="20230111 15:35:41.849" endtime="20230111 15:35:42.601"/>
</kw>
<status status="PASS" starttime="20230111 15:35:41.849" endtime="20230111 15:35:42.602"/>
</kw>
<kw name="Click To Submit">
<kw name="Click Element" library="SeleniumLibrary">
<arg>signInSubmit</arg>
<doc>Click the element identified by ``locator``.</doc>
<msg timestamp="20230111 15:35:42.604" level="INFO">Clicking element 'signInSubmit'.</msg>
<status status="PASS" starttime="20230111 15:35:42.603" endtime="20230111 15:35:43.036"/>
</kw>
<status status="PASS" starttime="20230111 15:35:42.603" endtime="20230111 15:35:43.036"/>
</kw>
<kw name="Close Browser" library="SeleniumLibrary" type="TEARDOWN">
<doc>Closes the current browser.</doc>
<status status="PASS" starttime="20230111 15:35:43.037" endtime="20230111 15:35:46.425"/>
</kw>
<status status="PASS" starttime="20230111 15:35:31.059" endtime="20230111 15:35:46.427"/>
</test>
<doc>Test Authtentification.</doc>
<status status="PASS" starttime="20230111 15:35:30.775" endtime="20230111 15:35:46.436"/>
</suite>
<statistics>
<total>
<stat pass="1" fail="0" skip="0">All Tests</stat>
</total>
<tag>
</tag>
<suite>
<stat pass="1" fail="0" skip="0" id="s1" name="Test Authentification">Test Authentification</stat>
</suite>
</statistics>
<errors>
</errors>
</robot>
